<?xml version="1.0" encoding="UTF-8"?>
<!-- Generated by org.testng.reporters.JUnitReportReporter -->
<testsuite hostname="LAPTOP-93Q115F7" failures="0" tests="1" name="selenium.automatedtest.Testng.FirstTestCase" time="2.021" errors="0" timestamp="2022-02-11T10:48:53 IST" skipped="0">
  <testcase classname="selenium.automatedtest.Testng.FirstTestCase" name="Test" time="2.021"/>
  <system-out/>
</testsuite> <!-- selenium.automatedtest.Testng.FirstTestCase -->
