<?xml version="1.0" encoding="UTF-8"?>
<!-- Generated by org.testng.reporters.JUnitReportReporter -->
<testsuite hostname="LAPTOP-93Q115F7" failures="0" tests="1" name="selenium.automatedtest.Testng.ThirdTestCase" time="2.128" errors="0" timestamp="2022-02-11T12:47:02 IST" skipped="0">
  <testcase classname="selenium.automatedtest.Testng.ThirdTestCase" name="test" time="2.128"/>
  <system-out/>
</testsuite> <!-- selenium.automatedtest.Testng.ThirdTestCase -->
