<?xml version="1.0" encoding="UTF-8"?>
<!-- Generated by org.testng.reporters.JUnitReportReporter -->
<testsuite hostname="LAPTOP-93Q115F7" failures="0" tests="3" name="selenium.automatedtest.Testng.Order" time="0.015" errors="0" timestamp="2022-02-11T13:14:25 IST" skipped="0">
  <testcase classname="selenium.automatedtest.Testng.Order" name="test" time="0.008"/>
  <system-out/>
  <testcase classname="selenium.automatedtest.Testng.Order" name="test2" time="0.004"/>
  <system-out/>
  <testcase classname="selenium.automatedtest.Testng.Order" name="test3" time="0.003"/>
  <system-out/>
</testsuite> <!-- selenium.automatedtest.Testng.Order -->
