<?xml version="1.0" encoding="UTF-8"?>
<!-- Generated by org.testng.reporters.JUnitReportReporter -->
<testsuite hostname="LAPTOP-93Q115F7" failures="0" tests="3" name="selenium.automatedtest.Testng.loginBrowser" time="0.013" errors="0" timestamp="2022-02-18T16:07:07 IST" skipped="0">
  <testcase classname="selenium.automatedtest.Testng.loginBrowser" name="logIn" time="0.002"/>
  <system-out/>
  <testcase classname="selenium.automatedtest.Testng.loginBrowser" name="logIn" time="0.002"/>
  <system-out/>
  <testcase classname="selenium.automatedtest.Testng.loginBrowser" name="logIn" time="0.009"/>
  <system-out/>
</testsuite> <!-- selenium.automatedtest.Testng.loginBrowser -->
