<?xml version="1.0" encoding="UTF-8"?>
<!-- Generated by org.testng.reporters.JUnitReportReporter -->
<testsuite hostname="LAPTOP-93Q115F7" failures="0" tests="3" name="selenium.automatedtest.Testng.Order" time="0.021" errors="0" timestamp="2022-02-16T00:14:11 IST" skipped="0">
  <testcase classname="selenium.automatedtest.Testng.Order" name="test" time="0.013"/>
  <system-out/>
  <testcase classname="selenium.automatedtest.Testng.Order" name="test2" time="0.003"/>
  <system-out/>
  <testcase classname="selenium.automatedtest.Testng.Order" name="test3" time="0.005"/>
  <system-out/>
</testsuite> <!-- selenium.automatedtest.Testng.Order -->
