<?xml version="1.0" encoding="UTF-8"?>
<!-- Generated by org.testng.reporters.JUnitReportReporter -->
<testsuite hostname="LAPTOP-93Q115F7" failures="0" tests="1" name="selenium.automatedtest.Testng.SecondTestCase" time="7.934" errors="0" timestamp="2022-02-11T11:00:19 IST" skipped="0">
  <testcase classname="selenium.automatedtest.Testng.SecondTestCase" name="test" time="7.934"/>
  <system-out/>
</testsuite> <!-- selenium.automatedtest.Testng.SecondTestCase -->
